<?xml version="1.0" encoding="UTF-8"?>
<!-- Generated by org.testng.reporters.JUnitXMLReporter -->
<testsuite ignored="0" hostname="DESKTOP-HUES2TE" failures="0" tests="27" name="Surefire test" time="1262.133" errors="0" timestamp="2024-08-11T20:20:29 MSK">
  <testcase classname="DemoQA.tests.ButtonsTests" name="testClickMeButton" time="0.38"/>
  <testcase classname="DemoQA.tests.ButtonsTests" name="testDoubleClickMeButton" time="0.404"/>
  <testcase classname="DemoQA.tests.ButtonsTests" name="testRightClickMeButton" time="0.385"/>
  <testcase classname="DemoQA.tests.CheckBoxTests" name="testCheckBoxCommands" time="0.44"/>
  <testcase classname="DemoQA.tests.CheckBoxTests" name="testСheckBoxHome" time="0.501"/>
  <testcase classname="DemoQA.tests.ElementsPageTests" name="testClickElementsCard" time="0.155"/>
  <testcase classname="DemoQA.tests.LinksTests" name="testClickCreatedLink" time="0.643"/>
  <testcase classname="DemoQA.tests.LinksTests" name="testClickDynamicLinkAndCheckBannerInNewWin" time="39.286"/>
  <testcase classname="DemoQA.tests.LinksTests" name="testOpenNewWindowAndCheckBanner" time="39.294"/>
  <testcase classname="DemoQA.tests.LinksTests" name="testStatusCodeCreatedLink" time="1.404"/>
  <testcase classname="DemoQA.tests.MainPageTests" name="testCountOfCategoryCard" time="0.02"/>
  <testcase classname="DemoQA.tests.RadioButtonPageTests" name="testRadioButtonImpressive" time="0.415"/>
  <testcase classname="DemoQA.tests.RadioButtonPageTests" name="testRadioButtonNo" time="0.448"/>
  <testcase classname="DemoQA.tests.RadioButtonPageTests" name="testRadioButtonYes" time="0.416"/>
  <testcase classname="DemoQA.tests.Tests" name="firstTestApi" time="0.307"/>
  <testcase classname="DemoQA.tests.Tests" name="testCheckBoxCommands" time="0.594"/>
  <testcase classname="DemoQA.tests.Tests" name="testCheckBoxHome" time="0.786"/>
  <testcase classname="DemoQA.tests.Tests" name="testGetHeader" time="0.153"/>
  <testcase classname="DemoQA.tests.Tests" name="testJavaFaker" time="0.45"/>
  <testcase classname="DemoQA.tests.Tests" name="testRadioButtonImpressive" time="0.487"/>
  <testcase classname="DemoQA.tests.Tests" name="testRadioButtonYes" time="0.274"/>
  <testcase classname="DemoQA.tests.Tests" name="testTextBox" time="0.751"/>
  <testcase classname="DemoQA.tests.Tests" name="workWithWindows" time="39.488"/>
  <testcase classname="DemoQA.tests.TextBoxTests" name="testTextBox" time="0.795"/>
  <testcase classname="DemoQA.tests.WebTablesTests" name="testNamesOfTableHeaders" time="0.367"/>
  <testcase classname="DemoQA.tests.WebTablesTests" name="testNumberOfTableHeaders" time="0.254"/>
  <testcase classname="DemoQA.tests.WebTablesTests" name="testNumberOfTableRows" time="0.257"/>
</testsuite> <!-- Surefire test -->
