<?xml version="1.0" encoding="UTF-8"?>
<!-- Generated by org.testng.reporters.JUnitXMLReporter -->
<testsuite ignored="0" hostname="DESKTOP-HUES2TE" failures="0" tests="9" name="Command line test" time="460.325" errors="0" timestamp="2023-09-23T16:19:49 YEKT">
  <testcase classname="DemoQA.tests.Tests" name="firstTestApi" time="3.174"/>
  <testcase classname="DemoQA.tests.Tests" name="testCheckBoxCommands" time="0.72"/>
  <testcase classname="DemoQA.tests.Tests" name="testCheckBoxHome" time="0.491"/>
  <testcase classname="DemoQA.tests.Tests" name="testGetHeader" time="0.147"/>
  <testcase classname="DemoQA.tests.Tests" name="testJavaFaker" time="0.206"/>
  <testcase classname="DemoQA.tests.Tests" name="testRadioButtonImpressive" time="0.404"/>
  <testcase classname="DemoQA.tests.Tests" name="testRadioButtonYes" time="0.315"/>
  <testcase classname="DemoQA.tests.Tests" name="testTextBox" time="0.997"/>
  <testcase classname="DemoQA.tests.Tests" name="workWithWindows" time="39.323"/>
</testsuite> <!-- Command line test -->
