<?xml version="1.0" encoding="UTF-8"?>
<!-- Generated by org.testng.reporters.JUnitXMLReporter -->
<testsuite ignored="0" hostname="DESKTOP-HUES2TE" failures="0" tests="6" name="Command line test" time="259.852" errors="0" timestamp="2023-08-30T15:05:04 YEKT">
  <testcase classname="DemoQA.tests.Tests" name="testCheckBoxCommands" time="0.44"/>
  <testcase classname="DemoQA.tests.Tests" name="testCheckBoxHome" time="0.473"/>
  <testcase classname="DemoQA.tests.Tests" name="testGetHeader" time="0.152"/>
  <testcase classname="DemoQA.tests.Tests" name="testRadioButtonImpressive" time="0.398"/>
  <testcase classname="DemoQA.tests.Tests" name="testRadioButtonYes" time="0.242"/>
  <testcase classname="DemoQA.tests.Tests" name="testTextBox" time="0.855"/>
</testsuite> <!-- Command line test -->
