<?xml version="1.0" encoding="UTF-8"?>
<testsuite xmlns:xsi="http://www.w3.org/2001/XMLSchema-instance" xsi:noNamespaceSchemaLocation="https://maven.apache.org/surefire/maven-surefire-plugin/xsd/surefire-test-report-3.0.xsd" version="3.0" name="TestSuite" time="1263.125" tests="27" errors="0" skipped="0" failures="0">
  <properties>
[...]
</properties>
  <testcase name="testClickMeButton" classname="DemoQA.tests.ButtonsTests" time="0.393">
    <system-err><![CDATA[SLF4J: Failed to load class "org.slf4j.impl.StaticLoggerBinder".
SLF4J: Defaulting to no-operation (NOP) logger implementation
SLF4J: See http://www.slf4j.org/codes.html#StaticLoggerBinder for further details.
авг. 11, 2024 7:59:30 PM org.openqa.selenium.devtools.CdpVersionFinder findNearestMatch
WARNING: Unable to find an exact match for CDP version 127, returning the closest version; found: 124; Please update to a Selenium version that supports CDP version 127
]]></system-err>
  </testcase>
  <testcase name="testDoubleClickMeButton" classname="DemoQA.tests.ButtonsTests" time="0.406">
    <system-err><![CDATA[авг. 11, 2024 8:00:13 PM org.openqa.selenium.devtools.CdpVersionFinder findNearestMatch
WARNING: Unable to find an exact match for CDP version 127, returning the closest version; found: 124; Please update to a Selenium version that supports CDP version 127
]]></system-err>
  </testcase>
  <testcase name="testRightClickMeButton" classname="DemoQA.tests.ButtonsTests" time="0.385">
    <system-err><![CDATA[авг. 11, 2024 8:00:55 PM org.openqa.selenium.devtools.CdpVersionFinder findNearestMatch
WARNING: Unable to find an exact match for CDP version 127, returning the closest version; found: 124; Please update to a Selenium version that supports CDP version 127
]]></system-err>
  </testcase>
  <testcase name="testCheckBoxCommands" classname="DemoQA.tests.CheckBoxTests" time="0.442">
    <system-err><![CDATA[авг. 11, 2024 8:01:37 PM org.openqa.selenium.devtools.CdpVersionFinder findNearestMatch
WARNING: Unable to find an exact match for CDP version 127, returning the closest version; found: 124; Please update to a Selenium version that supports CDP version 127
]]></system-err>
  </testcase>
  <testcase name="testСheckBoxHome" classname="DemoQA.tests.CheckBoxTests" time="0.502">
    <system-err><![CDATA[авг. 11, 2024 8:02:19 PM org.openqa.selenium.devtools.CdpVersionFinder findNearestMatch
WARNING: Unable to find an exact match for CDP version 127, returning the closest version; found: 124; Please update to a Selenium version that supports CDP version 127
]]></system-err>
  </testcase>
  <testcase name="testClickElementsCard" classname="DemoQA.tests.ElementsPageTests" time="0.157">
    <system-err><![CDATA[авг. 11, 2024 8:03:01 PM org.openqa.selenium.devtools.CdpVersionFinder findNearestMatch
WARNING: Unable to find an exact match for CDP version 127, returning the closest version; found: 124; Please update to a Selenium version that supports CDP version 127
]]></system-err>
  </testcase>
  <testcase name="testClickCreatedLink" classname="DemoQA.tests.LinksTests" time="0.644">
    <system-err><![CDATA[авг. 11, 2024 8:03:43 PM org.openqa.selenium.devtools.CdpVersionFinder findNearestMatch
WARNING: Unable to find an exact match for CDP version 127, returning the closest version; found: 124; Please update to a Selenium version that supports CDP version 127
]]></system-err>
  </testcase>
  <testcase name="testClickDynamicLinkAndCheckBannerInNewWin" classname="DemoQA.tests.LinksTests" time="39.288">
    <system-err><![CDATA[авг. 11, 2024 8:04:25 PM org.openqa.selenium.devtools.CdpVersionFinder findNearestMatch
WARNING: Unable to find an exact match for CDP version 127, returning the closest version; found: 124; Please update to a Selenium version that supports CDP version 127
]]></system-err>
  </testcase>
  <testcase name="testOpenNewWindowAndCheckBanner" classname="DemoQA.tests.LinksTests" time="39.295">
    <system-err><![CDATA[авг. 11, 2024 8:05:46 PM org.openqa.selenium.devtools.CdpVersionFinder findNearestMatch
WARNING: Unable to find an exact match for CDP version 127, returning the closest version; found: 124; Please update to a Selenium version that supports CDP version 127
]]></system-err>
  </testcase>
  <testcase name="testStatusCodeCreatedLink" classname="DemoQA.tests.LinksTests" time="1.405">
    <system-err><![CDATA[авг. 11, 2024 8:07:06 PM org.openqa.selenium.devtools.CdpVersionFinder findNearestMatch
WARNING: Unable to find an exact match for CDP version 127, returning the closest version; found: 124; Please update to a Selenium version that supports CDP version 127
]]></system-err>
  </testcase>
  <testcase name="testCountOfCategoryCard" classname="DemoQA.tests.MainPageTests" time="0.021">
    <system-err><![CDATA[авг. 11, 2024 8:07:49 PM org.openqa.selenium.devtools.CdpVersionFinder findNearestMatch
WARNING: Unable to find an exact match for CDP version 127, returning the closest version; found: 124; Please update to a Selenium version that supports CDP version 127
]]></system-err>
  </testcase>
  <testcase name="testRadioButtonImpressive" classname="DemoQA.tests.RadioButtonPageTests" time="0.415">
    <system-err><![CDATA[авг. 11, 2024 8:08:31 PM org.openqa.selenium.devtools.CdpVersionFinder findNearestMatch
WARNING: Unable to find an exact match for CDP version 127, returning the closest version; found: 124; Please update to a Selenium version that supports CDP version 127
]]></system-err>
  </testcase>
  <testcase name="testRadioButtonNo" classname="DemoQA.tests.RadioButtonPageTests" time="0.449">
    <system-err><![CDATA[авг. 11, 2024 8:09:13 PM org.openqa.selenium.devtools.CdpVersionFinder findNearestMatch
WARNING: Unable to find an exact match for CDP version 127, returning the closest version; found: 124; Please update to a Selenium version that supports CDP version 127
]]></system-err>
  </testcase>
  <testcase name="testRadioButtonYes" classname="DemoQA.tests.RadioButtonPageTests" time="0.417">
    <system-err><![CDATA[авг. 11, 2024 8:09:55 PM org.openqa.selenium.devtools.CdpVersionFinder findNearestMatch
WARNING: Unable to find an exact match for CDP version 127, returning the closest version; found: 124; Please update to a Selenium version that supports CDP version 127
]]></system-err>
  </testcase>
  <testcase name="firstTestApi" classname="DemoQA.tests.Tests" time="0.308">
    <system-err><![CDATA[авг. 11, 2024 8:10:38 PM org.openqa.selenium.devtools.CdpVersionFinder findNearestMatch
WARNING: Unable to find an exact match for CDP version 127, returning the closest version; found: 124; Please update to a Selenium version that supports CDP version 127
]]></system-err>
  </testcase>
  <testcase name="testCheckBoxCommands" classname="DemoQA.tests.Tests" time="0.6">
    <system-err><![CDATA[авг. 11, 2024 8:11:20 PM org.openqa.selenium.devtools.CdpVersionFinder findNearestMatch
WARNING: Unable to find an exact match for CDP version 127, returning the closest version; found: 124; Please update to a Selenium version that supports CDP version 127
]]></system-err>
  </testcase>
  <testcase name="testCheckBoxHome" classname="DemoQA.tests.Tests" time="0.787">
    <system-err><![CDATA[авг. 11, 2024 8:12:03 PM org.openqa.selenium.devtools.CdpVersionFinder findNearestMatch
WARNING: Unable to find an exact match for CDP version 127, returning the closest version; found: 124; Please update to a Selenium version that supports CDP version 127
]]></system-err>
  </testcase>
  <testcase name="testGetHeader" classname="DemoQA.tests.Tests" time="0.155">
    <system-err><![CDATA[авг. 11, 2024 8:12:47 PM org.openqa.selenium.devtools.CdpVersionFinder findNearestMatch
WARNING: Unable to find an exact match for CDP version 127, returning the closest version; found: 124; Please update to a Selenium version that supports CDP version 127
]]></system-err>
  </testcase>
  <testcase name="testJavaFaker" classname="DemoQA.tests.Tests" time="0.453">
    <system-out><![CDATA[First Name is Sheila
Last name is Christiansen
Age is 68
]]></system-out>
    <system-err><![CDATA[авг. 11, 2024 8:13:29 PM org.openqa.selenium.devtools.CdpVersionFinder findNearestMatch
WARNING: Unable to find an exact match for CDP version 127, returning the closest version; found: 124; Please update to a Selenium version that supports CDP version 127
]]></system-err>
  </testcase>
  <testcase name="testRadioButtonImpressive" classname="DemoQA.tests.Tests" time="0.487">
    <system-err><![CDATA[авг. 11, 2024 8:14:11 PM org.openqa.selenium.devtools.CdpVersionFinder findNearestMatch
WARNING: Unable to find an exact match for CDP version 127, returning the closest version; found: 124; Please update to a Selenium version that supports CDP version 127
]]></system-err>
  </testcase>
  <testcase name="testRadioButtonYes" classname="DemoQA.tests.Tests" time="0.275">
    <system-err><![CDATA[авг. 11, 2024 8:14:53 PM org.openqa.selenium.devtools.CdpVersionFinder findNearestMatch
WARNING: Unable to find an exact match for CDP version 127, returning the closest version; found: 124; Please update to a Selenium version that supports CDP version 127
]]></system-err>
  </testcase>
  <testcase name="testTextBox" classname="DemoQA.tests.Tests" time="0.751">
    <system-err><![CDATA[авг. 11, 2024 8:15:38 PM org.openqa.selenium.devtools.CdpVersionFinder findNearestMatch
WARNING: Unable to find an exact match for CDP version 127, returning the closest version; found: 124; Please update to a Selenium version that supports CDP version 127
]]></system-err>
  </testcase>
  <testcase name="workWithWindows" classname="DemoQA.tests.Tests" time="39.489">
    <system-err><![CDATA[авг. 11, 2024 8:16:21 PM org.openqa.selenium.devtools.CdpVersionFinder findNearestMatch
WARNING: Unable to find an exact match for CDP version 127, returning the closest version; found: 124; Please update to a Selenium version that supports CDP version 127
]]></system-err>
  </testcase>
  <testcase name="testTextBox" classname="DemoQA.tests.TextBoxTests" time="0.796">
    <system-err><![CDATA[авг. 11, 2024 8:17:42 PM org.openqa.selenium.devtools.CdpVersionFinder findNearestMatch
WARNING: Unable to find an exact match for CDP version 127, returning the closest version; found: 124; Please update to a Selenium version that supports CDP version 127
]]></system-err>
  </testcase>
  <testcase name="testNamesOfTableHeaders" classname="DemoQA.tests.WebTablesTests" time="0.368">
    <system-err><![CDATA[авг. 11, 2024 8:18:24 PM org.openqa.selenium.devtools.CdpVersionFinder findNearestMatch
WARNING: Unable to find an exact match for CDP version 127, returning the closest version; found: 124; Please update to a Selenium version that supports CDP version 127
]]></system-err>
  </testcase>
  <testcase name="testNumberOfTableHeaders" classname="DemoQA.tests.WebTablesTests" time="0.257">
    <system-err><![CDATA[авг. 11, 2024 8:19:06 PM org.openqa.selenium.devtools.CdpVersionFinder findNearestMatch
WARNING: Unable to find an exact match for CDP version 127, returning the closest version; found: 124; Please update to a Selenium version that supports CDP version 127
]]></system-err>
  </testcase>
  <testcase name="testNumberOfTableRows" classname="DemoQA.tests.WebTablesTests" time="0.257">
    <system-err><![CDATA[авг. 11, 2024 8:19:48 PM org.openqa.selenium.devtools.CdpVersionFinder findNearestMatch
WARNING: Unable to find an exact match for CDP version 127, returning the closest version; found: 124; Please update to a Selenium version that supports CDP version 127
]]></system-err>
  </testcase>
</testsuite>