<?xml version="1.0" encoding="UTF-8"?>
<testng-results ignored="0" total="9" passed="9" failed="0" skipped="0">
  <reporter-output>
  </reporter-output>
  <suite started-at="2023-09-23T16:12:09 YEKT" name="Command line suite" finished-at="2023-09-23T16:19:49 YEKT" duration-ms="460325">
    <groups>
    </groups>
    <test started-at="2023-09-23T16:12:09 YEKT" name="Command line test" finished-at="2023-09-23T16:19:49 YEKT" duration-ms="460325">
      <class name="DemoQA.tests.Tests">
        <test-method is-config="true" signature="beforeMethod()[pri:0, instance:DemoQA.tests.Tests@10db82ae]" started-at="2023-09-23T16:12:09 YEKT" name="beforeMethod" finished-at="2023-09-23T16:13:31 YEKT" duration-ms="82504" status="PASS">
          <reporter-output>
          </reporter-output>
        </test-method> <!-- beforeMethod -->
        <test-method signature="firstTestApi()[pri:0, instance:DemoQA.tests.Tests@10db82ae]" started-at="2023-09-23T16:13:31 YEKT" name="firstTestApi" finished-at="2023-09-23T16:13:34 YEKT" duration-ms="3174" status="PASS">
          <reporter-output>
          </reporter-output>
        </test-method> <!-- firstTestApi -->
        <test-method is-config="true" signature="afterMethod()[pri:0, instance:DemoQA.tests.Tests@10db82ae]" started-at="2023-09-23T16:13:34 YEKT" name="afterMethod" finished-at="2023-09-23T16:13:35 YEKT" duration-ms="220" status="PASS">
          <reporter-output>
          </reporter-output>
        </test-method> <!-- afterMethod -->
        <test-method is-config="true" signature="beforeMethod()[pri:0, instance:DemoQA.tests.Tests@10db82ae]" started-at="2023-09-23T16:13:35 YEKT" name="beforeMethod" finished-at="2023-09-23T16:14:16 YEKT" duration-ms="40837" status="PASS">
          <reporter-output>
          </reporter-output>
        </test-method> <!-- beforeMethod -->
        <test-method signature="testCheckBoxCommands()[pri:0, instance:DemoQA.tests.Tests@10db82ae]" started-at="2023-09-23T16:14:16 YEKT" name="testCheckBoxCommands" finished-at="2023-09-23T16:14:16 YEKT" duration-ms="720" status="PASS">
          <reporter-output>
          </reporter-output>
        </test-method> <!-- testCheckBoxCommands -->
        <test-method is-config="true" signature="afterMethod()[pri:0, instance:DemoQA.tests.Tests@10db82ae]" started-at="2023-09-23T16:14:16 YEKT" name="afterMethod" finished-at="2023-09-23T16:14:16 YEKT" duration-ms="187" status="PASS">
          <reporter-output>
          </reporter-output>
        </test-method> <!-- afterMethod -->
        <test-method is-config="true" signature="beforeMethod()[pri:0, instance:DemoQA.tests.Tests@10db82ae]" started-at="2023-09-23T16:14:16 YEKT" name="beforeMethod" finished-at="2023-09-23T16:15:00 YEKT" duration-ms="43104" status="PASS">
          <reporter-output>
          </reporter-output>
        </test-method> <!-- beforeMethod -->
        <test-method signature="testCheckBoxHome()[pri:0, instance:DemoQA.tests.Tests@10db82ae]" started-at="2023-09-23T16:15:00 YEKT" name="testCheckBoxHome" finished-at="2023-09-23T16:15:00 YEKT" duration-ms="491" status="PASS">
          <reporter-output>
          </reporter-output>
        </test-method> <!-- testCheckBoxHome -->
        <test-method is-config="true" signature="afterMethod()[pri:0, instance:DemoQA.tests.Tests@10db82ae]" started-at="2023-09-23T16:15:00 YEKT" name="afterMethod" finished-at="2023-09-23T16:15:00 YEKT" duration-ms="184" status="PASS">
          <reporter-output>
          </reporter-output>
        </test-method> <!-- afterMethod -->
        <test-method is-config="true" signature="beforeMethod()[pri:0, instance:DemoQA.tests.Tests@10db82ae]" started-at="2023-09-23T16:15:00 YEKT" name="beforeMethod" finished-at="2023-09-23T16:15:43 YEKT" duration-ms="42816" status="PASS">
          <reporter-output>
          </reporter-output>
        </test-method> <!-- beforeMethod -->
        <test-method signature="testGetHeader()[pri:0, instance:DemoQA.tests.Tests@10db82ae]" started-at="2023-09-23T16:15:43 YEKT" name="testGetHeader" finished-at="2023-09-23T16:15:43 YEKT" duration-ms="147" status="PASS">
          <reporter-output>
          </reporter-output>
        </test-method> <!-- testGetHeader -->
        <test-method is-config="true" signature="afterMethod()[pri:0, instance:DemoQA.tests.Tests@10db82ae]" started-at="2023-09-23T16:15:43 YEKT" name="afterMethod" finished-at="2023-09-23T16:15:43 YEKT" duration-ms="195" status="PASS">
          <reporter-output>
          </reporter-output>
        </test-method> <!-- afterMethod -->
        <test-method is-config="true" signature="beforeMethod()[pri:0, instance:DemoQA.tests.Tests@10db82ae]" started-at="2023-09-23T16:15:43 YEKT" name="beforeMethod" finished-at="2023-09-23T16:16:24 YEKT" duration-ms="40613" status="PASS">
          <reporter-output>
          </reporter-output>
        </test-method> <!-- beforeMethod -->
        <test-method signature="testJavaFaker()[pri:0, instance:DemoQA.tests.Tests@10db82ae]" started-at="2023-09-23T16:16:24 YEKT" name="testJavaFaker" finished-at="2023-09-23T16:16:24 YEKT" duration-ms="206" status="PASS">
          <reporter-output>
          </reporter-output>
        </test-method> <!-- testJavaFaker -->
        <test-method is-config="true" signature="afterMethod()[pri:0, instance:DemoQA.tests.Tests@10db82ae]" started-at="2023-09-23T16:16:24 YEKT" name="afterMethod" finished-at="2023-09-23T16:16:24 YEKT" duration-ms="116" status="PASS">
          <reporter-output>
          </reporter-output>
        </test-method> <!-- afterMethod -->
        <test-method is-config="true" signature="beforeMethod()[pri:0, instance:DemoQA.tests.Tests@10db82ae]" started-at="2023-09-23T16:16:24 YEKT" name="beforeMethod" finished-at="2023-09-23T16:17:05 YEKT" duration-ms="41116" status="PASS">
          <reporter-output>
          </reporter-output>
        </test-method> <!-- beforeMethod -->
        <test-method signature="testRadioButtonImpressive()[pri:0, instance:DemoQA.tests.Tests@10db82ae]" started-at="2023-09-23T16:17:05 YEKT" name="testRadioButtonImpressive" finished-at="2023-09-23T16:17:06 YEKT" duration-ms="404" status="PASS">
          <reporter-output>
          </reporter-output>
        </test-method> <!-- testRadioButtonImpressive -->
        <test-method is-config="true" signature="afterMethod()[pri:0, instance:DemoQA.tests.Tests@10db82ae]" started-at="2023-09-23T16:17:06 YEKT" name="afterMethod" finished-at="2023-09-23T16:17:06 YEKT" duration-ms="126" status="PASS">
          <reporter-output>
          </reporter-output>
        </test-method> <!-- afterMethod -->
        <test-method is-config="true" signature="beforeMethod()[pri:0, instance:DemoQA.tests.Tests@10db82ae]" started-at="2023-09-23T16:17:06 YEKT" name="beforeMethod" finished-at="2023-09-23T16:17:47 YEKT" duration-ms="40611" status="PASS">
          <reporter-output>
          </reporter-output>
        </test-method> <!-- beforeMethod -->
        <test-method signature="testRadioButtonYes()[pri:0, instance:DemoQA.tests.Tests@10db82ae]" started-at="2023-09-23T16:17:47 YEKT" name="testRadioButtonYes" finished-at="2023-09-23T16:17:47 YEKT" duration-ms="315" status="PASS">
          <reporter-output>
          </reporter-output>
        </test-method> <!-- testRadioButtonYes -->
        <test-method is-config="true" signature="afterMethod()[pri:0, instance:DemoQA.tests.Tests@10db82ae]" started-at="2023-09-23T16:17:47 YEKT" name="afterMethod" finished-at="2023-09-23T16:17:47 YEKT" duration-ms="119" status="PASS">
          <reporter-output>
          </reporter-output>
        </test-method> <!-- afterMethod -->
        <test-method is-config="true" signature="beforeMethod()[pri:0, instance:DemoQA.tests.Tests@10db82ae]" started-at="2023-09-23T16:17:47 YEKT" name="beforeMethod" finished-at="2023-09-23T16:18:28 YEKT" duration-ms="40580" status="PASS">
          <reporter-output>
          </reporter-output>
        </test-method> <!-- beforeMethod -->
        <test-method signature="testTextBox()[pri:0, instance:DemoQA.tests.Tests@10db82ae]" started-at="2023-09-23T16:18:28 YEKT" name="testTextBox" finished-at="2023-09-23T16:18:29 YEKT" duration-ms="997" status="PASS">
          <reporter-output>
          </reporter-output>
        </test-method> <!-- testTextBox -->
        <test-method is-config="true" signature="afterMethod()[pri:0, instance:DemoQA.tests.Tests@10db82ae]" started-at="2023-09-23T16:18:29 YEKT" name="afterMethod" finished-at="2023-09-23T16:18:29 YEKT" duration-ms="188" status="PASS">
          <reporter-output>
          </reporter-output>
        </test-method> <!-- afterMethod -->
        <test-method is-config="true" signature="beforeMethod()[pri:0, instance:DemoQA.tests.Tests@10db82ae]" started-at="2023-09-23T16:18:29 YEKT" name="beforeMethod" finished-at="2023-09-23T16:19:09 YEKT" duration-ms="40711" status="PASS">
          <reporter-output>
          </reporter-output>
        </test-method> <!-- beforeMethod -->
        <test-method signature="workWithWindows()[pri:0, instance:DemoQA.tests.Tests@10db82ae]" started-at="2023-09-23T16:19:09 YEKT" name="workWithWindows" finished-at="2023-09-23T16:19:49 YEKT" duration-ms="39323" status="PASS">
          <reporter-output>
          </reporter-output>
        </test-method> <!-- workWithWindows -->
        <test-method is-config="true" signature="afterMethod()[pri:0, instance:DemoQA.tests.Tests@10db82ae]" started-at="2023-09-23T16:19:49 YEKT" name="afterMethod" finished-at="2023-09-23T16:19:49 YEKT" duration-ms="182" status="PASS">
          <reporter-output>
          </reporter-output>
        </test-method> <!-- afterMethod -->
      </class> <!-- DemoQA.tests.Tests -->
    </test> <!-- Command line test -->
  </suite> <!-- Command line suite -->
</testng-results>
