<?xml version="1.0" encoding="UTF-8" ?>
<testsuite tests="9" failures="0" name="TestSuite" time="45.776" errors="0" skipped="0">
  <properties>
[...]
</properties>
  <testcase classname="DemoQA.tests.Tests" name="firstTestApi" time="3.175"/>
  <testcase classname="DemoQA.tests.Tests" name="testCheckBoxCommands" time="0.72"/>
  <testcase classname="DemoQA.tests.Tests" name="testCheckBoxHome" time="0.49"/>
  <testcase classname="DemoQA.tests.Tests" name="testGetHeader" time="0.146"/>
  <testcase classname="DemoQA.tests.Tests" name="testJavaFaker" time="0.206"/>
  <testcase classname="DemoQA.tests.Tests" name="testRadioButtonImpressive" time="0.404"/>
  <testcase classname="DemoQA.tests.Tests" name="testRadioButtonYes" time="0.315"/>
  <testcase classname="DemoQA.tests.Tests" name="testTextBox" time="0.997"/>
  <testcase classname="DemoQA.tests.Tests" name="workWithWindows" time="39.323"/>
</testsuite>