<?xml version="1.0" encoding="UTF-8"?>
<testng-results ignored="0" total="9" passed="9" failed="0" skipped="0">
  <reporter-output>
  </reporter-output>
  <suite started-at="2024-01-13T22:49:04 YEKT" name="Command line suite" finished-at="2024-01-13T22:56:14 YEKT" duration-ms="430505">
    <groups>
    </groups>
    <test started-at="2024-01-13T22:49:04 YEKT" name="Command line test" finished-at="2024-01-13T22:56:14 YEKT" duration-ms="430505">
      <class name="DemoQA.tests.Tests">
        <test-method is-config="true" signature="beforeMethod()[pri:0, instance:DemoQA.tests.Tests@10db82ae]" started-at="2024-01-13T22:49:04 YEKT" name="beforeMethod" finished-at="2024-01-13T22:49:49 YEKT" duration-ms="44939" status="PASS">
          <reporter-output>
          </reporter-output>
        </test-method> <!-- beforeMethod -->
        <test-method signature="firstTestApi()[pri:0, instance:DemoQA.tests.Tests@10db82ae]" started-at="2024-01-13T22:49:49 YEKT" name="firstTestApi" finished-at="2024-01-13T22:49:50 YEKT" duration-ms="1786" status="PASS">
          <reporter-output>
          </reporter-output>
        </test-method> <!-- firstTestApi -->
        <test-method is-config="true" signature="afterMethod()[pri:0, instance:DemoQA.tests.Tests@10db82ae]" started-at="2024-01-13T22:49:50 YEKT" name="afterMethod" finished-at="2024-01-13T22:49:51 YEKT" duration-ms="127" status="PASS">
          <reporter-output>
          </reporter-output>
        </test-method> <!-- afterMethod -->
        <test-method is-config="true" signature="beforeMethod()[pri:0, instance:DemoQA.tests.Tests@10db82ae]" started-at="2024-01-13T22:49:51 YEKT" name="beforeMethod" finished-at="2024-01-13T22:50:32 YEKT" duration-ms="40998" status="PASS">
          <reporter-output>
          </reporter-output>
        </test-method> <!-- beforeMethod -->
        <test-method signature="testCheckBoxCommands()[pri:0, instance:DemoQA.tests.Tests@10db82ae]" started-at="2024-01-13T22:50:32 YEKT" name="testCheckBoxCommands" finished-at="2024-01-13T22:50:32 YEKT" duration-ms="420" status="PASS">
          <reporter-output>
          </reporter-output>
        </test-method> <!-- testCheckBoxCommands -->
        <test-method is-config="true" signature="afterMethod()[pri:0, instance:DemoQA.tests.Tests@10db82ae]" started-at="2024-01-13T22:50:32 YEKT" name="afterMethod" finished-at="2024-01-13T22:50:32 YEKT" duration-ms="126" status="PASS">
          <reporter-output>
          </reporter-output>
        </test-method> <!-- afterMethod -->
        <test-method is-config="true" signature="beforeMethod()[pri:0, instance:DemoQA.tests.Tests@10db82ae]" started-at="2024-01-13T22:50:32 YEKT" name="beforeMethod" finished-at="2024-01-13T22:51:13 YEKT" duration-ms="41399" status="PASS">
          <reporter-output>
          </reporter-output>
        </test-method> <!-- beforeMethod -->
        <test-method signature="testCheckBoxHome()[pri:0, instance:DemoQA.tests.Tests@10db82ae]" started-at="2024-01-13T22:51:13 YEKT" name="testCheckBoxHome" finished-at="2024-01-13T22:51:14 YEKT" duration-ms="502" status="PASS">
          <reporter-output>
          </reporter-output>
        </test-method> <!-- testCheckBoxHome -->
        <test-method is-config="true" signature="afterMethod()[pri:0, instance:DemoQA.tests.Tests@10db82ae]" started-at="2024-01-13T22:51:14 YEKT" name="afterMethod" finished-at="2024-01-13T22:51:14 YEKT" duration-ms="116" status="PASS">
          <reporter-output>
          </reporter-output>
        </test-method> <!-- afterMethod -->
        <test-method is-config="true" signature="beforeMethod()[pri:0, instance:DemoQA.tests.Tests@10db82ae]" started-at="2024-01-13T22:51:14 YEKT" name="beforeMethod" finished-at="2024-01-13T22:51:55 YEKT" duration-ms="40890" status="PASS">
          <reporter-output>
          </reporter-output>
        </test-method> <!-- beforeMethod -->
        <test-method signature="testGetHeader()[pri:0, instance:DemoQA.tests.Tests@10db82ae]" started-at="2024-01-13T22:51:55 YEKT" name="testGetHeader" finished-at="2024-01-13T22:51:55 YEKT" duration-ms="148" status="PASS">
          <reporter-output>
          </reporter-output>
        </test-method> <!-- testGetHeader -->
        <test-method is-config="true" signature="afterMethod()[pri:0, instance:DemoQA.tests.Tests@10db82ae]" started-at="2024-01-13T22:51:55 YEKT" name="afterMethod" finished-at="2024-01-13T22:51:55 YEKT" duration-ms="127" status="PASS">
          <reporter-output>
          </reporter-output>
        </test-method> <!-- afterMethod -->
        <test-method is-config="true" signature="beforeMethod()[pri:0, instance:DemoQA.tests.Tests@10db82ae]" started-at="2024-01-13T22:51:55 YEKT" name="beforeMethod" finished-at="2024-01-13T22:52:37 YEKT" duration-ms="41349" status="PASS">
          <reporter-output>
          </reporter-output>
        </test-method> <!-- beforeMethod -->
        <test-method signature="testJavaFaker()[pri:0, instance:DemoQA.tests.Tests@10db82ae]" started-at="2024-01-13T22:52:37 YEKT" name="testJavaFaker" finished-at="2024-01-13T22:52:37 YEKT" duration-ms="234" status="PASS">
          <reporter-output>
          </reporter-output>
        </test-method> <!-- testJavaFaker -->
        <test-method is-config="true" signature="afterMethod()[pri:0, instance:DemoQA.tests.Tests@10db82ae]" started-at="2024-01-13T22:52:37 YEKT" name="afterMethod" finished-at="2024-01-13T22:52:37 YEKT" duration-ms="179" status="PASS">
          <reporter-output>
          </reporter-output>
        </test-method> <!-- afterMethod -->
        <test-method is-config="true" signature="beforeMethod()[pri:0, instance:DemoQA.tests.Tests@10db82ae]" started-at="2024-01-13T22:52:37 YEKT" name="beforeMethod" finished-at="2024-01-13T22:53:25 YEKT" duration-ms="47870" status="PASS">
          <reporter-output>
          </reporter-output>
        </test-method> <!-- beforeMethod -->
        <test-method signature="testRadioButtonImpressive()[pri:0, instance:DemoQA.tests.Tests@10db82ae]" started-at="2024-01-13T22:53:25 YEKT" name="testRadioButtonImpressive" finished-at="2024-01-13T22:53:25 YEKT" duration-ms="399" status="PASS">
          <reporter-output>
          </reporter-output>
        </test-method> <!-- testRadioButtonImpressive -->
        <test-method is-config="true" signature="afterMethod()[pri:0, instance:DemoQA.tests.Tests@10db82ae]" started-at="2024-01-13T22:53:25 YEKT" name="afterMethod" finished-at="2024-01-13T22:53:25 YEKT" duration-ms="125" status="PASS">
          <reporter-output>
          </reporter-output>
        </test-method> <!-- afterMethod -->
        <test-method is-config="true" signature="beforeMethod()[pri:0, instance:DemoQA.tests.Tests@10db82ae]" started-at="2024-01-13T22:53:25 YEKT" name="beforeMethod" finished-at="2024-01-13T22:54:06 YEKT" duration-ms="40918" status="PASS">
          <reporter-output>
          </reporter-output>
        </test-method> <!-- beforeMethod -->
        <test-method signature="testRadioButtonYes()[pri:0, instance:DemoQA.tests.Tests@10db82ae]" started-at="2024-01-13T22:54:06 YEKT" name="testRadioButtonYes" finished-at="2024-01-13T22:54:07 YEKT" duration-ms="283" status="PASS">
          <reporter-output>
          </reporter-output>
        </test-method> <!-- testRadioButtonYes -->
        <test-method is-config="true" signature="afterMethod()[pri:0, instance:DemoQA.tests.Tests@10db82ae]" started-at="2024-01-13T22:54:07 YEKT" name="afterMethod" finished-at="2024-01-13T22:54:07 YEKT" duration-ms="117" status="PASS">
          <reporter-output>
          </reporter-output>
        </test-method> <!-- afterMethod -->
        <test-method is-config="true" signature="beforeMethod()[pri:0, instance:DemoQA.tests.Tests@10db82ae]" started-at="2024-01-13T22:54:07 YEKT" name="beforeMethod" finished-at="2024-01-13T22:54:52 YEKT" duration-ms="45582" status="PASS">
          <reporter-output>
          </reporter-output>
        </test-method> <!-- beforeMethod -->
        <test-method signature="testTextBox()[pri:0, instance:DemoQA.tests.Tests@10db82ae]" started-at="2024-01-13T22:54:52 YEKT" name="testTextBox" finished-at="2024-01-13T22:54:53 YEKT" duration-ms="733" status="PASS">
          <reporter-output>
          </reporter-output>
        </test-method> <!-- testTextBox -->
        <test-method is-config="true" signature="afterMethod()[pri:0, instance:DemoQA.tests.Tests@10db82ae]" started-at="2024-01-13T22:54:53 YEKT" name="afterMethod" finished-at="2024-01-13T22:54:53 YEKT" duration-ms="120" status="PASS">
          <reporter-output>
          </reporter-output>
        </test-method> <!-- afterMethod -->
        <test-method is-config="true" signature="beforeMethod()[pri:0, instance:DemoQA.tests.Tests@10db82ae]" started-at="2024-01-13T22:54:53 YEKT" name="beforeMethod" finished-at="2024-01-13T22:55:34 YEKT" duration-ms="41080" status="PASS">
          <reporter-output>
          </reporter-output>
        </test-method> <!-- beforeMethod -->
        <test-method signature="workWithWindows()[pri:0, instance:DemoQA.tests.Tests@10db82ae]" started-at="2024-01-13T22:55:34 YEKT" name="workWithWindows" finished-at="2024-01-13T22:56:14 YEKT" duration-ms="39690" status="PASS">
          <reporter-output>
          </reporter-output>
        </test-method> <!-- workWithWindows -->
        <test-method is-config="true" signature="afterMethod()[pri:0, instance:DemoQA.tests.Tests@10db82ae]" started-at="2024-01-13T22:56:14 YEKT" name="afterMethod" finished-at="2024-01-13T22:56:14 YEKT" duration-ms="189" status="PASS">
          <reporter-output>
          </reporter-output>
        </test-method> <!-- afterMethod -->
      </class> <!-- DemoQA.tests.Tests -->
    </test> <!-- Command line test -->
  </suite> <!-- Command line suite -->
</testng-results>
