<?xml version="1.0" encoding="UTF-8"?>
<!-- Generated by org.testng.reporters.JUnitReportReporter -->
<testsuite hostname="DESKTOP-HUES2TE" failures="0" tests="2" name="DemoQA.tests.CheckBoxTests" time="83.903" errors="0" timestamp="2024-08-11T20:20:29 MSK" skipped="0">
  <testcase classname="DemoQA.tests.CheckBoxTests" name="testСheckBoxHome" time="42.088"/>
  <system-out/>
  <testcase classname="DemoQA.tests.CheckBoxTests" name="testCheckBoxCommands" time="41.815"/>
  <system-out/>
</testsuite> <!-- DemoQA.tests.CheckBoxTests -->
